{"C:\\Users\\theunth\\Documents\\POC\\Internal\\plugin_botblocker\\cartridges\\int_botblocker\\cartridge\\scripts\\util\\BBLogger.js":{"path":"C:\\Users\\theunth\\Documents\\POC\\Internal\\plugin_botblocker\\cartridges\\int_botblocker\\cartridge\\scripts\\util\\BBLogger.js","s":{"1":1,"2":20,"3":20,"4":20,"5":20,"6":20,"7":0,"8":0,"9":0,"10":0,"11":1},"b":{"1":[20,0,0,0]},"f":{"1":20},"fnMap":{"1":{"name":"log","line":19,"loc":{"start":{"line":19,"column":0},"end":{"line":19,"column":50}}}},"statementMap":{"1":{"start":{"line":19,"column":0},"end":{"line":35,"column":1}},"2":{"start":{"line":20,"column":4},"end":{"line":20,"column":45}},"3":{"start":{"line":21,"column":4},"end":{"line":21,"column":42}},"4":{"start":{"line":23,"column":4},"end":{"line":34,"column":5}},"5":{"start":{"line":25,"column":12},"end":{"line":25,"column":93}},"6":{"start":{"line":26,"column":12},"end":{"line":26,"column":18}},"7":{"start":{"line":28,"column":12},"end":{"line":28,"column":92}},"8":{"start":{"line":29,"column":12},"end":{"line":29,"column":18}},"9":{"start":{"line":31,"column":12},"end":{"line":31,"column":93}},"10":{"start":{"line":32,"column":12},"end":{"line":32,"column":18}},"11":{"start":{"line":38,"column":0},"end":{"line":38,"column":18}}},"branchMap":{"1":{"line":23,"type":"switch","locations":[{"start":{"line":24,"column":8},"end":{"line":26,"column":18}},{"start":{"line":27,"column":8},"end":{"line":29,"column":18}},{"start":{"line":30,"column":8},"end":{"line":32,"column":18}},{"start":{"line":33,"column":8},"end":{"line":33,"column":16}}]}}},"C:\\Users\\theunth\\Documents\\POC\\Internal\\plugin_botblocker\\cartridges\\int_botblocker\\cartridge\\scripts\\util\\regexParser.js":{"path":"C:\\Users\\theunth\\Documents\\POC\\Internal\\plugin_botblocker\\cartridges\\int_botblocker\\cartridge\\scripts\\util\\regexParser.js","s":{"1":3,"2":6920,"3":6920,"4":3,"5":6920,"6":6920,"7":6920,"8":6920,"9":0,"10":0,"11":0,"12":3},"b":{"1":[33,6887]},"f":{"1":6920,"2":6920},"fnMap":{"1":{"name":"(anonymous_1)","line":3,"loc":{"start":{"line":3,"column":23},"end":{"line":3,"column":43}}},"2":{"name":"(anonymous_2)","line":9,"loc":{"start":{"line":9,"column":22},"end":{"line":9,"column":53}}}},"statementMap":{"1":{"start":{"line":3,"column":0},"end":{"line":7,"column":2}},"2":{"start":{"line":4,"column":4},"end":{"line":4,"column":95}},"3":{"start":{"line":6,"column":4},"end":{"line":6,"column":25}},"4":{"start":{"line":9,"column":0},"end":{"line":22,"column":2}},"5":{"start":{"line":11,"column":4},"end":{"line":21,"column":5}},"6":{"start":{"line":12,"column":8},"end":{"line":12,"column":55}},"7":{"start":{"line":13,"column":8},"end":{"line":13,"column":50}},"8":{"start":{"line":15,"column":8},"end":{"line":15,"column":45}},"9":{"start":{"line":17,"column":8},"end":{"line":17,"column":49}},"10":{"start":{"line":19,"column":8},"end":{"line":19,"column":117}},"11":{"start":{"line":20,"column":8},"end":{"line":20,"column":20}},"12":{"start":{"line":24,"column":0},"end":{"line":26,"column":2}}},"branchMap":{"1":{"line":15,"type":"cond-expr","locations":[{"start":{"line":15,"column":23},"end":{"line":15,"column":37}},{"start":{"line":15,"column":40},"end":{"line":15,"column":44}}]}}},"C:\\Users\\theunth\\Documents\\POC\\Internal\\plugin_botblocker\\cartridges\\int_botblocker\\cartridge\\scripts\\model\\browser.js":{"path":"C:\\Users\\theunth\\Documents\\POC\\Internal\\plugin_botblocker\\cartridges\\int_botblocker\\cartridge\\scripts\\model\\browser.js","s":{"1":1,"2":1,"3":1,"4":1,"5":1,"6":12,"7":1,"8":12,"9":12,"10":12,"11":12,"12":2175,"13":2175,"14":2164,"15":11,"16":11,"17":11,"18":11,"19":11,"20":11,"21":4,"22":3,"23":4,"24":4,"25":4,"26":3,"27":3,"28":1,"29":11,"30":11,"31":11,"32":11,"33":12,"34":4,"35":4,"36":32,"37":32,"38":30,"39":2,"40":2,"41":12,"42":12,"43":1},"b":{"1":[2164,11],"2":[11,10,1],"3":[11,0],"4":[4,7],"5":[11,11,4],"6":[2,1],"7":[3,1],"8":[4,8],"9":[30,2]},"f":{"1":12,"2":12,"3":2175,"4":3,"5":4,"6":32},"fnMap":{"1":{"name":"Browser","line":12,"loc":{"start":{"line":12,"column":0},"end":{"line":12,"column":29}}},"2":{"name":"(anonymous_2)","line":16,"loc":{"start":{"line":16,"column":26},"end":{"line":16,"column":38}}},"3":{"name":"(anonymous_3)","line":28,"loc":{"start":{"line":28,"column":18},"end":{"line":28,"column":37}}},"4":{"name":"(anonymous_4)","line":41,"loc":{"start":{"line":41,"column":85},"end":{"line":41,"column":101}}},"5":{"name":"(anonymous_5)","line":45,"loc":{"start":{"line":45,"column":42},"end":{"line":45,"column":70}}},"6":{"name":"(anonymous_6)","line":68,"loc":{"start":{"line":68,"column":28},"end":{"line":68,"column":53}}}},"statementMap":{"1":{"start":{"line":3,"column":0},"end":{"line":3,"column":69}},"2":{"start":{"line":4,"column":0},"end":{"line":4,"column":65}},"3":{"start":{"line":5,"column":0},"end":{"line":5,"column":61}},"4":{"start":{"line":6,"column":0},"end":{"line":6,"column":85}},"5":{"start":{"line":12,"column":0},"end":{"line":14,"column":1}},"6":{"start":{"line":13,"column":4},"end":{"line":13,"column":29}},"7":{"start":{"line":16,"column":0},"end":{"line":81,"column":2}},"8":{"start":{"line":17,"column":4},"end":{"line":17,"column":52}},"9":{"start":{"line":18,"column":4},"end":{"line":18,"column":33}},"10":{"start":{"line":20,"column":4},"end":{"line":26,"column":6}},"11":{"start":{"line":28,"column":4},"end":{"line":64,"column":7}},"12":{"start":{"line":29,"column":8},"end":{"line":29,"column":63}},"13":{"start":{"line":31,"column":8},"end":{"line":31,"column":33}},"14":{"start":{"line":31,"column":20},"end":{"line":31,"column":33}},"15":{"start":{"line":33,"column":8},"end":{"line":33,"column":69}},"16":{"start":{"line":34,"column":8},"end":{"line":34,"column":33}},"17":{"start":{"line":35,"column":8},"end":{"line":35,"column":69}},"18":{"start":{"line":37,"column":8},"end":{"line":57,"column":9}},"19":{"start":{"line":38,"column":12},"end":{"line":38,"column":51}},"20":{"start":{"line":40,"column":12},"end":{"line":56,"column":13}},"21":{"start":{"line":41,"column":16},"end":{"line":43,"column":19}},"22":{"start":{"line":42,"column":20},"end":{"line":42,"column":66}},"23":{"start":{"line":45,"column":16},"end":{"line":55,"column":19}},"24":{"start":{"line":46,"column":20},"end":{"line":46,"column":81}},"25":{"start":{"line":48,"column":20},"end":{"line":52,"column":21}},"26":{"start":{"line":49,"column":24},"end":{"line":49,"column":56}},"27":{"start":{"line":51,"column":24},"end":{"line":51,"column":36}},"28":{"start":{"line":54,"column":20},"end":{"line":54,"column":33}},"29":{"start":{"line":59,"column":8},"end":{"line":59,"column":32}},"30":{"start":{"line":60,"column":8},"end":{"line":60,"column":63}},"31":{"start":{"line":61,"column":8},"end":{"line":61,"column":33}},"32":{"start":{"line":63,"column":8},"end":{"line":63,"column":20}},"33":{"start":{"line":66,"column":4},"end":{"line":76,"column":5}},"34":{"start":{"line":67,"column":8},"end":{"line":67,"column":68}},"35":{"start":{"line":68,"column":8},"end":{"line":75,"column":11}},"36":{"start":{"line":69,"column":12},"end":{"line":69,"column":74}},"37":{"start":{"line":71,"column":12},"end":{"line":71,"column":37}},"38":{"start":{"line":71,"column":24},"end":{"line":71,"column":37}},"39":{"start":{"line":73,"column":12},"end":{"line":73,"column":47}},"40":{"start":{"line":74,"column":12},"end":{"line":74,"column":24}},"41":{"start":{"line":78,"column":4},"end":{"line":78,"column":96}},"42":{"start":{"line":80,"column":4},"end":{"line":80,"column":18}},"43":{"start":{"line":83,"column":0},"end":{"line":83,"column":25}}},"branchMap":{"1":{"line":31,"type":"if","locations":[{"start":{"line":31,"column":8},"end":{"line":31,"column":8}},{"start":{"line":31,"column":8},"end":{"line":31,"column":8}}]},"2":{"line":35,"type":"binary-expr","locations":[{"start":{"line":35,"column":28},"end":{"line":35,"column":35}},{"start":{"line":35,"column":39},"end":{"line":35,"column":61}},{"start":{"line":35,"column":66},"end":{"line":35,"column":68}}]},"3":{"line":37,"type":"if","locations":[{"start":{"line":37,"column":8},"end":{"line":37,"column":8}},{"start":{"line":37,"column":8},"end":{"line":37,"column":8}}]},"4":{"line":40,"type":"if","locations":[{"start":{"line":40,"column":12},"end":{"line":40,"column":12}},{"start":{"line":40,"column":12},"end":{"line":40,"column":12}}]},"5":{"line":40,"type":"binary-expr","locations":[{"start":{"line":40,"column":16},"end":{"line":40,"column":30}},{"start":{"line":40,"column":34},"end":{"line":40,"column":57}},{"start":{"line":40,"column":61},"end":{"line":40,"column":73}}]},"6":{"line":42,"type":"cond-expr","locations":[{"start":{"line":42,"column":59},"end":{"line":42,"column":60}},{"start":{"line":42,"column":63},"end":{"line":42,"column":65}}]},"7":{"line":48,"type":"if","locations":[{"start":{"line":48,"column":20},"end":{"line":48,"column":20}},{"start":{"line":48,"column":20},"end":{"line":48,"column":20}}]},"8":{"line":66,"type":"if","locations":[{"start":{"line":66,"column":4},"end":{"line":66,"column":4}},{"start":{"line":66,"column":4},"end":{"line":66,"column":4}}]},"9":{"line":71,"type":"if","locations":[{"start":{"line":71,"column":12},"end":{"line":71,"column":12}},{"start":{"line":71,"column":12},"end":{"line":71,"column":12}}]}}},"C:\\Users\\theunth\\Documents\\POC\\Internal\\plugin_botblocker\\cartridges\\int_botblocker\\cartridge\\scripts\\util\\variableReplacement.js":{"path":"C:\\Users\\theunth\\Documents\\POC\\Internal\\plugin_botblocker\\cartridges\\int_botblocker\\cartridge\\scripts\\util\\variableReplacement.js","s":{"1":1,"2":46,"3":46,"4":0,"5":46,"6":17,"7":17,"8":17,"9":46},"b":{"1":[0,46],"2":[17,1]},"f":{"1":46,"2":17},"fnMap":{"1":{"name":"(anonymous_1)","line":3,"loc":{"start":{"line":3,"column":17},"end":{"line":3,"column":48}}},"2":{"name":"(anonymous_2)","line":8,"loc":{"start":{"line":8,"column":49},"end":{"line":8,"column":66}}}},"statementMap":{"1":{"start":{"line":3,"column":0},"end":{"line":16,"column":2}},"2":{"start":{"line":4,"column":4},"end":{"line":4,"column":42}},"3":{"start":{"line":6,"column":4},"end":{"line":6,"column":37}},"4":{"start":{"line":6,"column":27},"end":{"line":6,"column":37}},"5":{"start":{"line":8,"column":4},"end":{"line":13,"column":7}},"6":{"start":{"line":9,"column":8},"end":{"line":9,"column":50}},"7":{"start":{"line":10,"column":8},"end":{"line":10,"column":44}},"8":{"start":{"line":12,"column":8},"end":{"line":12,"column":30}},"9":{"start":{"line":15,"column":4},"end":{"line":15,"column":26}}},"branchMap":{"1":{"line":6,"type":"if","locations":[{"start":{"line":6,"column":4},"end":{"line":6,"column":4}},{"start":{"line":6,"column":4},"end":{"line":6,"column":4}}]},"2":{"line":12,"type":"binary-expr","locations":[{"start":{"line":12,"column":15},"end":{"line":12,"column":23}},{"start":{"line":12,"column":27},"end":{"line":12,"column":29}}]}}},"C:\\Users\\theunth\\Documents\\POC\\Internal\\plugin_botblocker\\cartridges\\int_botblocker\\cartridge\\scripts\\util\\version.js":{"path":"C:\\Users\\theunth\\Documents\\POC\\Internal\\plugin_botblocker\\cartridges\\int_botblocker\\cartridge\\scripts\\util\\version.js","s":{"1":1,"2":1,"3":24,"4":0,"5":24,"6":24,"7":24,"8":13,"9":11,"10":11,"11":5,"12":6,"13":6,"14":6,"15":0,"16":12,"17":2,"18":10,"19":10,"20":10,"21":7,"22":3},"b":{"1":[0,24],"2":[13,11],"3":[11,0],"4":[5,6],"5":[6,0],"6":[6,0],"7":[2,10],"8":[7,3]},"f":{"1":24,"2":12},"fnMap":{"1":{"name":"(anonymous_1)","line":6,"loc":{"start":{"line":6,"column":19},"end":{"line":6,"column":57}}},"2":{"name":"(anonymous_2)","line":32,"loc":{"start":{"line":32,"column":31},"end":{"line":32,"column":60}}}},"statementMap":{"1":{"start":{"line":3,"column":0},"end":{"line":3,"column":29}},"2":{"start":{"line":5,"column":0},"end":{"line":42,"column":2}},"3":{"start":{"line":7,"column":8},"end":{"line":7,"column":45}},"4":{"start":{"line":7,"column":35},"end":{"line":7,"column":45}},"5":{"start":{"line":9,"column":8},"end":{"line":9,"column":83}},"6":{"start":{"line":10,"column":8},"end":{"line":10,"column":52}},"7":{"start":{"line":13,"column":8},"end":{"line":15,"column":9}},"8":{"start":{"line":14,"column":12},"end":{"line":14,"column":33}},"9":{"start":{"line":17,"column":8},"end":{"line":21,"column":9}},"10":{"start":{"line":18,"column":12},"end":{"line":20,"column":13}},"11":{"start":{"line":19,"column":16},"end":{"line":19,"column":51}},"12":{"start":{"line":23,"column":8},"end":{"line":27,"column":9}},"13":{"start":{"line":24,"column":12},"end":{"line":26,"column":13}},"14":{"start":{"line":25,"column":16},"end":{"line":25,"column":78}},"15":{"start":{"line":29,"column":8},"end":{"line":29,"column":29}},"16":{"start":{"line":33,"column":8},"end":{"line":33,"column":31}},"17":{"start":{"line":33,"column":21},"end":{"line":33,"column":31}},"18":{"start":{"line":35,"column":8},"end":{"line":35,"column":114}},"19":{"start":{"line":36,"column":8},"end":{"line":36,"column":43}},"20":{"start":{"line":38,"column":8},"end":{"line":38,"column":30}},"21":{"start":{"line":38,"column":20},"end":{"line":38,"column":30}},"22":{"start":{"line":40,"column":8},"end":{"line":40,"column":27}}},"branchMap":{"1":{"line":7,"type":"if","locations":[{"start":{"line":7,"column":8},"end":{"line":7,"column":8}},{"start":{"line":7,"column":8},"end":{"line":7,"column":8}}]},"2":{"line":13,"type":"if","locations":[{"start":{"line":13,"column":8},"end":{"line":13,"column":8}},{"start":{"line":13,"column":8},"end":{"line":13,"column":8}}]},"3":{"line":17,"type":"if","locations":[{"start":{"line":17,"column":8},"end":{"line":17,"column":8}},{"start":{"line":17,"column":8},"end":{"line":17,"column":8}}]},"4":{"line":18,"type":"if","locations":[{"start":{"line":18,"column":12},"end":{"line":18,"column":12}},{"start":{"line":18,"column":12},"end":{"line":18,"column":12}}]},"5":{"line":23,"type":"if","locations":[{"start":{"line":23,"column":8},"end":{"line":23,"column":8}},{"start":{"line":23,"column":8},"end":{"line":23,"column":8}}]},"6":{"line":24,"type":"if","locations":[{"start":{"line":24,"column":12},"end":{"line":24,"column":12}},{"start":{"line":24,"column":12},"end":{"line":24,"column":12}}]},"7":{"line":33,"type":"if","locations":[{"start":{"line":33,"column":8},"end":{"line":33,"column":8}},{"start":{"line":33,"column":8},"end":{"line":33,"column":8}}]},"8":{"line":38,"type":"if","locations":[{"start":{"line":38,"column":8},"end":{"line":38,"column":8}},{"start":{"line":38,"column":8},"end":{"line":38,"column":8}}]}}},"C:\\Users\\theunth\\Documents\\POC\\Internal\\plugin_botblocker\\cartridges\\int_botblocker\\cartridge\\scripts\\util\\trim.js":{"path":"C:\\Users\\theunth\\Documents\\POC\\Internal\\plugin_botblocker\\cartridges\\int_botblocker\\cartridge\\scripts\\util\\trim.js","s":{"1":1,"2":24},"b":{},"f":{"1":24},"fnMap":{"1":{"name":"(anonymous_1)","line":3,"loc":{"start":{"line":3,"column":17},"end":{"line":3,"column":38}}}},"statementMap":{"1":{"start":{"line":3,"column":0},"end":{"line":7,"column":2}},"2":{"start":{"line":4,"column":4},"end":{"line":6,"column":11}}},"branchMap":{}},"C:\\Users\\theunth\\Documents\\POC\\Internal\\plugin_botblocker\\cartridges\\int_botblocker\\cartridge\\scripts\\model\\os.js":{"path":"C:\\Users\\theunth\\Documents\\POC\\Internal\\plugin_botblocker\\cartridges\\int_botblocker\\cartridge\\scripts\\model\\os.js","s":{"1":1,"2":1,"3":1,"4":1,"5":12,"6":1,"7":12,"8":12,"9":12,"10":12,"11":611,"12":611,"13":600,"14":11,"15":11,"16":11,"17":0,"18":11,"19":0,"20":11,"21":0,"22":11,"23":12,"24":1,"25":12,"26":0,"27":12,"28":2,"29":10,"30":0,"31":10,"32":1},"b":{"1":[600,11],"2":[0,11],"3":[0,11],"4":[0,11],"5":[0,12],"6":[2,10],"7":[0,10]},"f":{"1":12,"2":12,"3":611,"4":12},"fnMap":{"1":{"name":"OS","line":13,"loc":{"start":{"line":13,"column":0},"end":{"line":13,"column":24}}},"2":{"name":"(anonymous_2)","line":17,"loc":{"start":{"line":17,"column":21},"end":{"line":17,"column":33}}},"3":{"name":"(anonymous_3)","line":27,"loc":{"start":{"line":27,"column":26},"end":{"line":27,"column":53}}},"4":{"name":"(anonymous_4)","line":53,"loc":{"start":{"line":53,"column":29},"end":{"line":53,"column":50}}}},"statementMap":{"1":{"start":{"line":5,"column":0},"end":{"line":5,"column":69}},"2":{"start":{"line":6,"column":0},"end":{"line":6,"column":65}},"3":{"start":{"line":7,"column":0},"end":{"line":7,"column":61}},"4":{"start":{"line":13,"column":0},"end":{"line":15,"column":1}},"5":{"start":{"line":14,"column":4},"end":{"line":14,"column":29}},"6":{"start":{"line":17,"column":0},"end":{"line":51,"column":2}},"7":{"start":{"line":18,"column":4},"end":{"line":18,"column":54}},"8":{"start":{"line":19,"column":4},"end":{"line":19,"column":33}},"9":{"start":{"line":21,"column":4},"end":{"line":25,"column":6}},"10":{"start":{"line":27,"column":4},"end":{"line":48,"column":7}},"11":{"start":{"line":28,"column":8},"end":{"line":28,"column":71}},"12":{"start":{"line":30,"column":8},"end":{"line":30,"column":33}},"13":{"start":{"line":30,"column":20},"end":{"line":30,"column":33}},"14":{"start":{"line":32,"column":8},"end":{"line":32,"column":71}},"15":{"start":{"line":33,"column":8},"end":{"line":33,"column":92}},"16":{"start":{"line":35,"column":8},"end":{"line":37,"column":9}},"17":{"start":{"line":36,"column":12},"end":{"line":36,"column":36}},"18":{"start":{"line":39,"column":8},"end":{"line":41,"column":9}},"19":{"start":{"line":40,"column":12},"end":{"line":40,"column":35}},"20":{"start":{"line":43,"column":8},"end":{"line":45,"column":9}},"21":{"start":{"line":44,"column":12},"end":{"line":44,"column":34}},"22":{"start":{"line":47,"column":8},"end":{"line":47,"column":20}},"23":{"start":{"line":50,"column":4},"end":{"line":50,"column":18}},"24":{"start":{"line":53,"column":0},"end":{"line":67,"column":2}},"25":{"start":{"line":54,"column":4},"end":{"line":56,"column":5}},"26":{"start":{"line":55,"column":8},"end":{"line":55,"column":21}},"27":{"start":{"line":58,"column":4},"end":{"line":60,"column":5}},"28":{"start":{"line":59,"column":8},"end":{"line":59,"column":21}},"29":{"start":{"line":62,"column":4},"end":{"line":64,"column":5}},"30":{"start":{"line":63,"column":8},"end":{"line":63,"column":21}},"31":{"start":{"line":66,"column":4},"end":{"line":66,"column":14}},"32":{"start":{"line":69,"column":0},"end":{"line":69,"column":20}}},"branchMap":{"1":{"line":30,"type":"if","locations":[{"start":{"line":30,"column":8},"end":{"line":30,"column":8}},{"start":{"line":30,"column":8},"end":{"line":30,"column":8}}]},"2":{"line":35,"type":"if","locations":[{"start":{"line":35,"column":8},"end":{"line":35,"column":8}},{"start":{"line":35,"column":8},"end":{"line":35,"column":8}}]},"3":{"line":39,"type":"if","locations":[{"start":{"line":39,"column":8},"end":{"line":39,"column":8}},{"start":{"line":39,"column":8},"end":{"line":39,"column":8}}]},"4":{"line":43,"type":"if","locations":[{"start":{"line":43,"column":8},"end":{"line":43,"column":8}},{"start":{"line":43,"column":8},"end":{"line":43,"column":8}}]},"5":{"line":54,"type":"if","locations":[{"start":{"line":54,"column":4},"end":{"line":54,"column":4}},{"start":{"line":54,"column":4},"end":{"line":54,"column":4}}]},"6":{"line":58,"type":"if","locations":[{"start":{"line":58,"column":4},"end":{"line":58,"column":4}},{"start":{"line":58,"column":4},"end":{"line":58,"column":4}}]},"7":{"line":62,"type":"if","locations":[{"start":{"line":62,"column":4},"end":{"line":62,"column":4}},{"start":{"line":62,"column":4},"end":{"line":62,"column":4}}]}}},"C:\\Users\\theunth\\Documents\\POC\\Internal\\plugin_botblocker\\cartridges\\int_botblocker\\cartridge\\scripts\\model\\useragent.js":{"path":"C:\\Users\\theunth\\Documents\\POC\\Internal\\plugin_botblocker\\cartridges\\int_botblocker\\cartridge\\scripts\\model\\useragent.js","s":{"1":1,"2":1,"3":1,"4":1,"5":1,"6":1,"7":1,"8":21,"9":21,"10":21,"11":21,"12":1,"13":20,"14":20,"15":20,"16":0,"17":0,"18":0,"19":0,"20":0,"21":0,"22":0,"23":0,"24":20,"25":20,"26":12,"27":12,"28":12,"29":1,"30":1,"31":12,"32":12,"33":20,"34":20,"35":1,"36":12,"37":12,"38":1,"39":12,"40":12,"41":12,"42":1,"43":20,"44":20,"45":20,"46":20,"47":4099,"48":4099,"49":4091,"50":8,"51":8,"52":20,"53":8,"54":20,"55":1,"56":1,"57":1,"58":1,"59":1,"60":1,"61":1,"62":1,"63":1,"64":0,"65":1,"66":1,"67":1,"68":1,"69":1,"70":1,"71":1,"72":1,"73":1,"74":0,"75":1},"b":{"1":[20,0],"2":[0,20],"3":[12,8],"4":[1,11],"5":[12,0],"6":[12,1],"7":[4091,8],"8":[8,0],"9":[8,1],"10":[8,8,0],"11":[8,8,0],"12":[8,12],"13":[0,1],"14":[1,1],"15":[1,0],"16":[0,0,0,0]},"f":{"1":21,"2":20,"3":12,"4":12,"5":20,"6":4099,"7":1,"8":1,"9":0},"fnMap":{"1":{"name":"UserAgent","line":15,"loc":{"start":{"line":15,"column":0},"end":{"line":15,"column":31}}},"2":{"name":"(anonymous_2)","line":29,"loc":{"start":{"line":29,"column":28},"end":{"line":29,"column":40}}},"3":{"name":"(anonymous_3)","line":66,"loc":{"start":{"line":66,"column":34},"end":{"line":66,"column":46}}},"4":{"name":"(anonymous_4)","line":71,"loc":{"start":{"line":71,"column":39},"end":{"line":71,"column":51}}},"5":{"name":"(anonymous_5)","line":82,"loc":{"start":{"line":82,"column":39},"end":{"line":82,"column":51}}},"6":{"name":"(anonymous_6)","line":87,"loc":{"start":{"line":87,"column":14},"end":{"line":87,"column":29}}},"7":{"name":"(anonymous_7)","line":118,"loc":{"start":{"line":118,"column":43},"end":{"line":118,"column":55}}},"8":{"name":"(anonymous_8)","line":131,"loc":{"start":{"line":131,"column":19},"end":{"line":131,"column":38}}},"9":{"name":"(anonymous_9)","line":158,"loc":{"start":{"line":158,"column":29},"end":{"line":158,"column":41}}}},"statementMap":{"1":{"start":{"line":3,"column":0},"end":{"line":3,"column":45}},"2":{"start":{"line":4,"column":0},"end":{"line":4,"column":43}},"3":{"start":{"line":5,"column":0},"end":{"line":5,"column":48}},"4":{"start":{"line":6,"column":0},"end":{"line":6,"column":69}},"5":{"start":{"line":7,"column":0},"end":{"line":7,"column":38}},"6":{"start":{"line":8,"column":0},"end":{"line":8,"column":35}},"7":{"start":{"line":15,"column":0},"end":{"line":20,"column":1}},"8":{"start":{"line":16,"column":4},"end":{"line":16,"column":29}},"9":{"start":{"line":17,"column":4},"end":{"line":17,"column":28}},"10":{"start":{"line":18,"column":4},"end":{"line":18,"column":32}},"11":{"start":{"line":19,"column":4},"end":{"line":19,"column":32}},"12":{"start":{"line":29,"column":0},"end":{"line":64,"column":2}},"13":{"start":{"line":30,"column":4},"end":{"line":63,"column":5}},"14":{"start":{"line":31,"column":8},"end":{"line":31,"column":58}},"15":{"start":{"line":33,"column":8},"end":{"line":62,"column":9}},"16":{"start":{"line":34,"column":12},"end":{"line":34,"column":87}},"17":{"start":{"line":35,"column":12},"end":{"line":35,"column":45}},"18":{"start":{"line":36,"column":12},"end":{"line":36,"column":59}},"19":{"start":{"line":37,"column":12},"end":{"line":37,"column":43}},"20":{"start":{"line":38,"column":12},"end":{"line":38,"column":53}},"21":{"start":{"line":39,"column":12},"end":{"line":39,"column":67}},"22":{"start":{"line":40,"column":12},"end":{"line":40,"column":53}},"23":{"start":{"line":41,"column":12},"end":{"line":41,"column":67}},"24":{"start":{"line":43,"column":12},"end":{"line":43,"column":36}},"25":{"start":{"line":45,"column":12},"end":{"line":58,"column":13}},"26":{"start":{"line":46,"column":16},"end":{"line":46,"column":32}},"27":{"start":{"line":48,"column":16},"end":{"line":48,"column":40}},"28":{"start":{"line":50,"column":16},"end":{"line":53,"column":17}},"29":{"start":{"line":51,"column":20},"end":{"line":51,"column":40}},"30":{"start":{"line":52,"column":20},"end":{"line":52,"column":48}},"31":{"start":{"line":55,"column":16},"end":{"line":57,"column":17}},"32":{"start":{"line":56,"column":20},"end":{"line":56,"column":39}},"33":{"start":{"line":60,"column":12},"end":{"line":60,"column":44}},"34":{"start":{"line":61,"column":12},"end":{"line":61,"column":89}},"35":{"start":{"line":66,"column":0},"end":{"line":69,"column":2}},"36":{"start":{"line":67,"column":4},"end":{"line":67,"column":60}},"37":{"start":{"line":68,"column":4},"end":{"line":68,"column":39}},"38":{"start":{"line":71,"column":0},"end":{"line":75,"column":2}},"39":{"start":{"line":72,"column":4},"end":{"line":72,"column":44}},"40":{"start":{"line":73,"column":4},"end":{"line":73,"column":36}},"41":{"start":{"line":74,"column":4},"end":{"line":74,"column":46}},"42":{"start":{"line":82,"column":0},"end":{"line":111,"column":2}},"43":{"start":{"line":83,"column":4},"end":{"line":83,"column":44}},"44":{"start":{"line":84,"column":4},"end":{"line":84,"column":30}},"45":{"start":{"line":85,"column":4},"end":{"line":85,"column":18}},"46":{"start":{"line":87,"column":4},"end":{"line":104,"column":7}},"47":{"start":{"line":88,"column":8},"end":{"line":88,"column":56}},"48":{"start":{"line":90,"column":8},"end":{"line":90,"column":37}},"49":{"start":{"line":90,"column":22},"end":{"line":90,"column":35}},"50":{"start":{"line":92,"column":8},"end":{"line":100,"column":10}},"51":{"start":{"line":103,"column":8},"end":{"line":103,"column":20}},"52":{"start":{"line":106,"column":4},"end":{"line":108,"column":5}},"53":{"start":{"line":107,"column":8},"end":{"line":107,"column":29}},"54":{"start":{"line":110,"column":4},"end":{"line":110,"column":33}},"55":{"start":{"line":118,"column":0},"end":{"line":150,"column":2}},"56":{"start":{"line":119,"column":4},"end":{"line":119,"column":54}},"57":{"start":{"line":120,"column":4},"end":{"line":120,"column":69}},"58":{"start":{"line":121,"column":4},"end":{"line":121,"column":65}},"59":{"start":{"line":122,"column":4},"end":{"line":122,"column":33}},"60":{"start":{"line":124,"column":4},"end":{"line":129,"column":6}},"61":{"start":{"line":131,"column":4},"end":{"line":142,"column":7}},"62":{"start":{"line":132,"column":8},"end":{"line":132,"column":65}},"63":{"start":{"line":134,"column":8},"end":{"line":134,"column":33}},"64":{"start":{"line":134,"column":20},"end":{"line":134,"column":33}},"65":{"start":{"line":136,"column":8},"end":{"line":136,"column":32}},"66":{"start":{"line":137,"column":8},"end":{"line":137,"column":63}},"67":{"start":{"line":138,"column":8},"end":{"line":138,"column":84}},"68":{"start":{"line":139,"column":8},"end":{"line":139,"column":39}},"69":{"start":{"line":141,"column":8},"end":{"line":141,"column":20}},"70":{"start":{"line":145,"column":4},"end":{"line":147,"column":5}},"71":{"start":{"line":146,"column":8},"end":{"line":146,"column":30}},"72":{"start":{"line":149,"column":4},"end":{"line":149,"column":41}},"73":{"start":{"line":158,"column":0},"end":{"line":160,"column":2}},"74":{"start":{"line":159,"column":4},"end":{"line":159,"column":100}},"75":{"start":{"line":162,"column":0},"end":{"line":162,"column":27}}},"branchMap":{"1":{"line":30,"type":"if","locations":[{"start":{"line":30,"column":4},"end":{"line":30,"column":4}},{"start":{"line":30,"column":4},"end":{"line":30,"column":4}}]},"2":{"line":33,"type":"if","locations":[{"start":{"line":33,"column":8},"end":{"line":33,"column":8}},{"start":{"line":33,"column":8},"end":{"line":33,"column":8}}]},"3":{"line":45,"type":"if","locations":[{"start":{"line":45,"column":12},"end":{"line":45,"column":12}},{"start":{"line":45,"column":12},"end":{"line":45,"column":12}}]},"4":{"line":50,"type":"if","locations":[{"start":{"line":50,"column":16},"end":{"line":50,"column":16}},{"start":{"line":50,"column":16},"end":{"line":50,"column":16}}]},"5":{"line":55,"type":"if","locations":[{"start":{"line":55,"column":16},"end":{"line":55,"column":16}},{"start":{"line":55,"column":16},"end":{"line":55,"column":16}}]},"6":{"line":55,"type":"binary-expr","locations":[{"start":{"line":55,"column":20},"end":{"line":55,"column":39}},{"start":{"line":55,"column":43},"end":{"line":55,"column":62}}]},"7":{"line":90,"type":"if","locations":[{"start":{"line":90,"column":8},"end":{"line":90,"column":8}},{"start":{"line":90,"column":8},"end":{"line":90,"column":8}}]},"8":{"line":94,"type":"binary-expr","locations":[{"start":{"line":94,"column":22},"end":{"line":94,"column":34}},{"start":{"line":94,"column":38},"end":{"line":94,"column":40}}]},"9":{"line":95,"type":"binary-expr","locations":[{"start":{"line":95,"column":17},"end":{"line":95,"column":24}},{"start":{"line":95,"column":28},"end":{"line":95,"column":30}}]},"10":{"line":97,"type":"binary-expr","locations":[{"start":{"line":97,"column":23},"end":{"line":97,"column":35}},{"start":{"line":97,"column":39},"end":{"line":97,"column":56}},{"start":{"line":97,"column":61},"end":{"line":97,"column":63}}]},"11":{"line":98,"type":"binary-expr","locations":[{"start":{"line":98,"column":22},"end":{"line":98,"column":34}},{"start":{"line":98,"column":38},"end":{"line":98,"column":54}},{"start":{"line":98,"column":59},"end":{"line":98,"column":61}}]},"12":{"line":106,"type":"if","locations":[{"start":{"line":106,"column":4},"end":{"line":106,"column":4}},{"start":{"line":106,"column":4},"end":{"line":106,"column":4}}]},"13":{"line":134,"type":"if","locations":[{"start":{"line":134,"column":8},"end":{"line":134,"column":8}},{"start":{"line":134,"column":8},"end":{"line":134,"column":8}}]},"14":{"line":139,"type":"binary-expr","locations":[{"start":{"line":139,"column":21},"end":{"line":139,"column":32}},{"start":{"line":139,"column":36},"end":{"line":139,"column":38}}]},"15":{"line":145,"type":"if","locations":[{"start":{"line":145,"column":4},"end":{"line":145,"column":4}},{"start":{"line":145,"column":4},"end":{"line":145,"column":4}}]},"16":{"line":159,"type":"binary-expr","locations":[{"start":{"line":159,"column":11},"end":{"line":159,"column":31}},{"start":{"line":159,"column":36},"end":{"line":159,"column":51}},{"start":{"line":159,"column":55},"end":{"line":159,"column":75}},{"start":{"line":159,"column":79},"end":{"line":159,"column":98}}]}}}}