TN:
SF:C:\Users\theunth\Documents\POC\Internal\plugin_botblocker\cartridges\int_botblocker\cartridge\scripts\util\BBLogger.js
FN:19,log
FNF:1
FNH:1
FNDA:20,log
DA:19,1
DA:20,20
DA:21,20
DA:23,20
DA:25,20
DA:26,20
DA:28,0
DA:29,0
DA:31,0
DA:32,0
DA:38,1
LF:11
LH:7
BRDA:23,1,0,20
BRDA:23,1,1,0
BRDA:23,1,2,0
BRDA:23,1,3,0
BRF:4
BRH:1
end_of_record
TN:
SF:C:\Users\theunth\Documents\POC\Internal\plugin_botblocker\cartridges\int_botblocker\cartridge\scripts\util\regexParser.js
FN:3,(anonymous_1)
FN:9,(anonymous_2)
FNF:2
FNH:2
FNDA:6920,(anonymous_1)
FNDA:6920,(anonymous_2)
DA:3,3
DA:4,6920
DA:6,6920
DA:9,3
DA:11,6920
DA:12,6920
DA:13,6920
DA:15,6920
DA:17,0
DA:19,0
DA:20,0
DA:24,3
LF:12
LH:9
BRDA:15,1,0,33
BRDA:15,1,1,6887
BRF:2
BRH:2
end_of_record
TN:
SF:C:\Users\theunth\Documents\POC\Internal\plugin_botblocker\cartridges\int_botblocker\cartridge\scripts\model\browser.js
FN:12,Browser
FN:16,(anonymous_2)
FN:28,(anonymous_3)
FN:41,(anonymous_4)
FN:45,(anonymous_5)
FN:68,(anonymous_6)
FNF:6
FNH:6
FNDA:12,Browser
FNDA:12,(anonymous_2)
FNDA:2175,(anonymous_3)
FNDA:3,(anonymous_4)
FNDA:4,(anonymous_5)
FNDA:32,(anonymous_6)
DA:3,1
DA:4,1
DA:5,1
DA:6,1
DA:12,1
DA:13,12
DA:16,1
DA:17,12
DA:18,12
DA:20,12
DA:28,12
DA:29,2175
DA:31,2175
DA:33,11
DA:34,11
DA:35,11
DA:37,11
DA:38,11
DA:40,11
DA:41,4
DA:42,3
DA:45,4
DA:46,4
DA:48,4
DA:49,3
DA:51,3
DA:54,1
DA:59,11
DA:60,11
DA:61,11
DA:63,11
DA:66,12
DA:67,4
DA:68,4
DA:69,32
DA:71,32
DA:73,2
DA:74,2
DA:78,12
DA:80,12
DA:83,1
LF:41
LH:41
BRDA:31,1,0,2164
BRDA:31,1,1,11
BRDA:35,2,0,11
BRDA:35,2,1,10
BRDA:35,2,2,1
BRDA:37,3,0,11
BRDA:37,3,1,0
BRDA:40,4,0,4
BRDA:40,4,1,7
BRDA:40,5,0,11
BRDA:40,5,1,11
BRDA:40,5,2,4
BRDA:42,6,0,2
BRDA:42,6,1,1
BRDA:48,7,0,3
BRDA:48,7,1,1
BRDA:66,8,0,4
BRDA:66,8,1,8
BRDA:71,9,0,30
BRDA:71,9,1,2
BRF:20
BRH:19
end_of_record
TN:
SF:C:\Users\theunth\Documents\POC\Internal\plugin_botblocker\cartridges\int_botblocker\cartridge\scripts\util\variableReplacement.js
FN:3,(anonymous_1)
FN:8,(anonymous_2)
FNF:2
FNH:2
FNDA:46,(anonymous_1)
FNDA:17,(anonymous_2)
DA:3,1
DA:4,46
DA:6,46
DA:8,46
DA:9,17
DA:10,17
DA:12,17
DA:15,46
LF:8
LH:8
BRDA:6,1,0,0
BRDA:6,1,1,46
BRDA:12,2,0,17
BRDA:12,2,1,1
BRF:4
BRH:3
end_of_record
TN:
SF:C:\Users\theunth\Documents\POC\Internal\plugin_botblocker\cartridges\int_botblocker\cartridge\scripts\util\version.js
FN:6,(anonymous_1)
FN:32,(anonymous_2)
FNF:2
FNH:2
FNDA:24,(anonymous_1)
FNDA:12,(anonymous_2)
DA:3,1
DA:5,1
DA:7,24
DA:9,24
DA:10,24
DA:13,24
DA:14,13
DA:17,11
DA:18,11
DA:19,5
DA:23,6
DA:24,6
DA:25,6
DA:29,0
DA:33,12
DA:35,10
DA:36,10
DA:38,10
DA:40,3
LF:19
LH:18
BRDA:7,1,0,0
BRDA:7,1,1,24
BRDA:13,2,0,13
BRDA:13,2,1,11
BRDA:17,3,0,11
BRDA:17,3,1,0
BRDA:18,4,0,5
BRDA:18,4,1,6
BRDA:23,5,0,6
BRDA:23,5,1,0
BRDA:24,6,0,6
BRDA:24,6,1,0
BRDA:33,7,0,2
BRDA:33,7,1,10
BRDA:38,8,0,7
BRDA:38,8,1,3
BRF:16
BRH:12
end_of_record
TN:
SF:C:\Users\theunth\Documents\POC\Internal\plugin_botblocker\cartridges\int_botblocker\cartridge\scripts\util\trim.js
FN:3,(anonymous_1)
FNF:1
FNH:1
FNDA:24,(anonymous_1)
DA:3,1
DA:4,24
LF:2
LH:2
BRF:0
BRH:0
end_of_record
TN:
SF:C:\Users\theunth\Documents\POC\Internal\plugin_botblocker\cartridges\int_botblocker\cartridge\scripts\model\os.js
FN:13,OS
FN:17,(anonymous_2)
FN:27,(anonymous_3)
FN:53,(anonymous_4)
FNF:4
FNH:4
FNDA:12,OS
FNDA:12,(anonymous_2)
FNDA:611,(anonymous_3)
FNDA:12,(anonymous_4)
DA:5,1
DA:6,1
DA:7,1
DA:13,1
DA:14,12
DA:17,1
DA:18,12
DA:19,12
DA:21,12
DA:27,12
DA:28,611
DA:30,611
DA:32,11
DA:33,11
DA:35,11
DA:36,0
DA:39,11
DA:40,0
DA:43,11
DA:44,0
DA:47,11
DA:50,12
DA:53,1
DA:54,12
DA:55,0
DA:58,12
DA:59,2
DA:62,10
DA:63,0
DA:66,10
DA:69,1
LF:31
LH:26
BRDA:30,1,0,600
BRDA:30,1,1,11
BRDA:35,2,0,0
BRDA:35,2,1,11
BRDA:39,3,0,0
BRDA:39,3,1,11
BRDA:43,4,0,0
BRDA:43,4,1,11
BRDA:54,5,0,0
BRDA:54,5,1,12
BRDA:58,6,0,2
BRDA:58,6,1,10
BRDA:62,7,0,0
BRDA:62,7,1,10
BRF:14
BRH:9
end_of_record
TN:
SF:C:\Users\theunth\Documents\POC\Internal\plugin_botblocker\cartridges\int_botblocker\cartridge\scripts\model\useragent.js
FN:15,UserAgent
FN:29,(anonymous_2)
FN:66,(anonymous_3)
FN:71,(anonymous_4)
FN:82,(anonymous_5)
FN:87,(anonymous_6)
FN:118,(anonymous_7)
FN:131,(anonymous_8)
FN:158,(anonymous_9)
FNF:9
FNH:8
FNDA:21,UserAgent
FNDA:20,(anonymous_2)
FNDA:12,(anonymous_3)
FNDA:12,(anonymous_4)
FNDA:20,(anonymous_5)
FNDA:4099,(anonymous_6)
FNDA:1,(anonymous_7)
FNDA:1,(anonymous_8)
FNDA:0,(anonymous_9)
DA:3,1
DA:4,1
DA:5,1
DA:6,1
DA:7,1
DA:8,1
DA:15,1
DA:16,21
DA:17,21
DA:18,21
DA:19,21
DA:29,1
DA:30,20
DA:31,20
DA:33,20
DA:34,0
DA:35,0
DA:36,0
DA:37,0
DA:38,0
DA:39,0
DA:40,0
DA:41,0
DA:43,20
DA:45,20
DA:46,12
DA:48,12
DA:50,12
DA:51,1
DA:52,1
DA:55,12
DA:56,12
DA:60,20
DA:61,20
DA:66,1
DA:67,12
DA:68,12
DA:71,1
DA:72,12
DA:73,12
DA:74,12
DA:82,1
DA:83,20
DA:84,20
DA:85,20
DA:87,20
DA:88,4099
DA:90,4099
DA:92,8
DA:103,8
DA:106,20
DA:107,8
DA:110,20
DA:118,1
DA:119,1
DA:120,1
DA:121,1
DA:122,1
DA:124,1
DA:131,1
DA:132,1
DA:134,1
DA:136,1
DA:137,1
DA:138,1
DA:139,1
DA:141,1
DA:145,1
DA:146,1
DA:149,1
DA:158,1
DA:159,0
DA:162,1
LF:73
LH:64
BRDA:30,1,0,20
BRDA:30,1,1,0
BRDA:33,2,0,0
BRDA:33,2,1,20
BRDA:45,3,0,12
BRDA:45,3,1,8
BRDA:50,4,0,1
BRDA:50,4,1,11
BRDA:55,5,0,12
BRDA:55,5,1,0
BRDA:55,6,0,12
BRDA:55,6,1,1
BRDA:90,7,0,4091
BRDA:90,7,1,8
BRDA:94,8,0,8
BRDA:94,8,1,0
BRDA:95,9,0,8
BRDA:95,9,1,1
BRDA:97,10,0,8
BRDA:97,10,1,8
BRDA:97,10,2,0
BRDA:98,11,0,8
BRDA:98,11,1,8
BRDA:98,11,2,0
BRDA:106,12,0,8
BRDA:106,12,1,12
BRDA:134,13,0,0
BRDA:134,13,1,1
BRDA:139,14,0,1
BRDA:139,14,1,1
BRDA:145,15,0,1
BRDA:145,15,1,0
BRDA:159,16,0,0
BRDA:159,16,1,0
BRDA:159,16,2,0
BRDA:159,16,3,0
BRF:36
BRH:24
end_of_record
